<?xml version="1.0" encoding="UTF-8"?>
<!-- Generated by org.testng.reporters.JUnitReportReporter -->
<testsuite skipped="1" hostname="pay1lap51" name="com.ChannelPatner.login.DistributorLogin" tests="1" failures="0" timestamp="11 Mar 2018 08:12:13 GMT" time="0.000" errors="0">
  <testcase name="login" time="0.000" classname="com.ChannelPatner.login.DistributorLogin">
    <skipped/>
  </testcase> <!-- login -->
</testsuite> <!-- com.ChannelPatner.login.DistributorLogin -->
