<?xml version="1.0" encoding="UTF-8"?>
<!-- Generated by org.testng.reporters.JUnitReportReporter -->
<testsuite skipped="0" hostname="pay1lap51" name="com.ChannelPatner.Reports.RetailerBalanceReport" tests="1" failures="0" timestamp="11 Mar 2018 09:24:58 GMT" time="145.054" errors="0">
  <testcase name="retialertransfer" time="145.054" classname="com.ChannelPatner.Reports.RetailerBalanceReport"/>
</testsuite> <!-- com.ChannelPatner.Reports.RetailerBalanceReport -->
