<?xml version="1.0" encoding="UTF-8"?>
<!-- Generated by org.testng.reporters.JUnitReportReporter -->
<testsuite skipped="0" hostname="pay1lap51" name="com.ChannelPatner.transfer.SalesmanTransfer" tests="1" failures="0" timestamp="10 Mar 2018 09:23:32 GMT" time="148.961" errors="0">
  <testcase name="salesmantransfer" time="148.961" classname="com.ChannelPatner.transfer.SalesmanTransfer"/>
</testsuite> <!-- com.ChannelPatner.transfer.SalesmanTransfer -->
