<?xml version="1.0" encoding="UTF-8"?>
<!-- Generated by org.testng.reporters.JUnitReportReporter -->
<testsuite skipped="0" hostname="pay1lap51" name="com.ChannePatner.createRetailer.CreateRetailer" tests="1" failures="0" timestamp="11 Mar 2018 07:15:00 GMT" time="152.890" errors="0">
  <testcase name="retialertransfer" time="152.890" classname="com.ChannePatner.createRetailer.CreateRetailer"/>
</testsuite> <!-- com.ChannePatner.createRetailer.CreateRetailer -->
